<?xml version="1.0" encoding="UTF-8"?>
<!-- Generated by org.testng.reporters.JUnitReportReporter -->
<testsuite hostname="ip-172-31-30-231" failures="0" tests="1" name="com.simplilearn.Medicare.AppTest" time="53.409" errors="0" timestamp="2023-07-13T06:40:42 UTC" skipped="0">
  <testcase classname="com.simplilearn.Medicare.AppTest" name="test" time="53.409"/>
</testsuite> <!-- com.simplilearn.Medicare.AppTest -->
